<?xml version="1.0" encoding="UTF-8"?>
<!-- Generated by org.testng.reporters.JUnitReportReporter -->
<testsuite hostname="LAPTOP-3LR0D9HL" failures="0" tests="1" name="launchBrowser" time="8.863" errors="0" timestamp="26 Feb 2023 17:54:19 GMT">
  <testcase classname="launchBrowser" name="launch" time="8.863"/>
</testsuite> <!-- launchBrowser -->
